<?xml version="1.0" encoding="UTF-8"?>
<coverage generated="1635839604108" clover="3.2.0">
  <project timestamp="1635839604108" name="All files">
    <metrics statements="35" coveredstatements="18" conditionals="4" coveredconditionals="3" methods="14" coveredmethods="9" elements="53" coveredelements="30" complexity="0" loc="35" ncloc="35" packages="2" files="9" classes="9"/>
    <package name="test-jest">
      <metrics statements="25" coveredstatements="18" conditionals="4" coveredconditionals="3" methods="14" coveredmethods="9"/>
      <file name="CheckboxWithLabel.js" path="/Users/yyl/Documents/study/test-jest/CheckboxWithLabel.js">
        <metrics statements="5" coveredstatements="5" conditionals="2" coveredconditionals="2" methods="2" coveredmethods="2"/>
        <line num="3" count="1" type="stmt"/>
        <line num="4" count="2" type="stmt"/>
        <line num="6" count="2" type="stmt"/>
        <line num="7" count="1" type="stmt"/>
        <line num="10" count="2" type="stmt"/>
      </file>
      <file name="Link.js" path="/Users/yyl/Documents/study/test-jest/Link.js">
        <metrics statements="8" coveredstatements="6" conditionals="2" coveredconditionals="1" methods="3" coveredmethods="1"/>
        <line num="3" count="1" type="stmt"/>
        <line num="8" count="1" type="stmt"/>
        <line num="9" count="1" type="stmt"/>
        <line num="11" count="1" type="stmt"/>
        <line num="12" count="0" type="stmt"/>
        <line num="15" count="1" type="stmt"/>
        <line num="16" count="0" type="stmt"/>
        <line num="19" count="1" type="stmt"/>
      </file>
      <file name="babel.config.js" path="/Users/yyl/Documents/study/test-jest/babel.config.js">
        <metrics statements="1" coveredstatements="0" conditionals="0" coveredconditionals="0" methods="0" coveredmethods="0"/>
        <line num="1" count="0" type="stmt"/>
      </file>
      <file name="fetchData.js" path="/Users/yyl/Documents/study/test-jest/fetchData.js">
        <metrics statements="7" coveredstatements="4" conditionals="0" coveredconditionals="0" methods="6" coveredmethods="3"/>
        <line num="2" count="2" type="stmt"/>
        <line num="4" count="1" type="stmt"/>
        <line num="5" count="1" type="stmt"/>
        <line num="6" count="1" type="stmt"/>
        <line num="11" count="0" type="stmt"/>
        <line num="12" count="0" type="stmt"/>
        <line num="13" count="0" type="stmt"/>
      </file>
      <file name="jest.config.js" path="/Users/yyl/Documents/study/test-jest/jest.config.js">
        <metrics statements="1" coveredstatements="0" conditionals="0" coveredconditionals="0" methods="0" coveredmethods="0"/>
        <line num="2" count="0" type="stmt"/>
      </file>
      <file name="sum.js" path="/Users/yyl/Documents/study/test-jest/sum.js">
        <metrics statements="2" coveredstatements="2" conditionals="0" coveredconditionals="0" methods="1" coveredmethods="1"/>
        <line num="2" count="1" type="stmt"/>
        <line num="4" count="2" type="stmt"/>
      </file>
      <file name="users.js" path="/Users/yyl/Documents/study/test-jest/users.js">
        <metrics statements="1" coveredstatements="1" conditionals="0" coveredconditionals="0" methods="2" coveredmethods="2"/>
        <line num="5" count="1" type="stmt"/>
      </file>
    </package>
    <package name="test-jest.utils">
      <metrics statements="10" coveredstatements="0" conditionals="0" coveredconditionals="0" methods="0" coveredmethods="0"/>
      <file name="diff.js" path="/Users/yyl/Documents/study/test-jest/utils/diff.js">
        <metrics statements="5" coveredstatements="0" conditionals="0" coveredconditionals="0" methods="0" coveredmethods="0"/>
        <line num="1" count="0" type="stmt"/>
        <line num="3" count="0" type="stmt"/>
        <line num="4" count="0" type="stmt"/>
        <line num="6" count="0" type="stmt"/>
        <line num="9" count="0" type="stmt"/>
      </file>
      <file name="docblock.js" path="/Users/yyl/Documents/study/test-jest/utils/docblock.js">
        <metrics statements="5" coveredstatements="0" conditionals="0" coveredconditionals="0" methods="0" coveredmethods="0"/>
        <line num="1" count="0" type="stmt"/>
        <line num="3" count="0" type="stmt"/>
        <line num="13" count="0" type="stmt"/>
        <line num="16" count="0" type="stmt"/>
        <line num="17" count="0" type="stmt"/>
      </file>
    </package>
  </project>
</coverage>
