{"/Users/yyl/Documents/study/test-jest/CheckboxWithLabel.js": {"path":"/Users/yyl/Documents/study/test-jest/CheckboxWithLabel.js","statementMap":{"0":{"start":{"line":3,"column":26},"end":{"line":16,"column":1}},"1":{"start":{"line":4,"column":36},"end":{"line":4,"column":51}},"2":{"start":{"line":6,"column":19},"end":{"line":8,"column":3}},"3":{"start":{"line":7,"column":4},"end":{"line":7,"column":29}},"4":{"start":{"line":10,"column":2},"end":{"line":15,"column":4}}},"fnMap":{"0":{"name":"(anonymous_0)","decl":{"start":{"line":3,"column":26},"end":{"line":3,"column":27}},"loc":{"start":{"line":3,"column":51},"end":{"line":16,"column":1}},"line":3},"1":{"name":"(anonymous_1)","decl":{"start":{"line":6,"column":19},"end":{"line":6,"column":20}},"loc":{"start":{"line":6,"column":25},"end":{"line":8,"column":3}},"line":6}},"branchMap":{"0":{"loc":{"start":{"line":13,"column":7},"end":{"line":13,"column":37}},"type":"cond-expr","locations":[{"start":{"line":13,"column":19},"end":{"line":13,"column":26}},{"start":{"line":13,"column":29},"end":{"line":13,"column":37}}],"line":13}},"s":{"0":1,"1":2,"2":2,"3":1,"4":2},"f":{"0":2,"1":1},"b":{"0":[1,1]},"_coverageSchema":"1a1c01bbd47fc00a2c39e90264f33305004495a9","hash":"ac8867b24a0c0c96e94b6a828b82dcdbc2d9fc31"}
,"/Users/yyl/Documents/study/test-jest/Link.js": {"path":"/Users/yyl/Documents/study/test-jest/Link.js","statementMap":{"0":{"start":{"line":3,"column":15},"end":{"line":6,"column":1}},"1":{"start":{"line":8,"column":13},"end":{"line":29,"column":1}},"2":{"start":{"line":9,"column":30},"end":{"line":9,"column":53}},"3":{"start":{"line":11,"column":23},"end":{"line":13,"column":3}},"4":{"start":{"line":12,"column":4},"end":{"line":12,"column":30}},"5":{"start":{"line":15,"column":23},"end":{"line":17,"column":3}},"6":{"start":{"line":16,"column":4},"end":{"line":16,"column":29}},"7":{"start":{"line":19,"column":2},"end":{"line":28,"column":4}}},"fnMap":{"0":{"name":"(anonymous_0)","decl":{"start":{"line":8,"column":13},"end":{"line":8,"column":14}},"loc":{"start":{"line":8,"column":35},"end":{"line":29,"column":1}},"line":8},"1":{"name":"(anonymous_1)","decl":{"start":{"line":11,"column":23},"end":{"line":11,"column":24}},"loc":{"start":{"line":11,"column":29},"end":{"line":13,"column":3}},"line":11},"2":{"name":"(anonymous_2)","decl":{"start":{"line":15,"column":23},"end":{"line":15,"column":24}},"loc":{"start":{"line":15,"column":29},"end":{"line":17,"column":3}},"line":15}},"branchMap":{"0":{"loc":{"start":{"line":22,"column":12},"end":{"line":22,"column":23}},"type":"binary-expr","locations":[{"start":{"line":22,"column":12},"end":{"line":22,"column":16}},{"start":{"line":22,"column":20},"end":{"line":22,"column":23}}],"line":22}},"s":{"0":1,"1":1,"2":1,"3":1,"4":0,"5":1,"6":0,"7":1},"f":{"0":1,"1":0,"2":0},"b":{"0":[1,0]},"_coverageSchema":"1a1c01bbd47fc00a2c39e90264f33305004495a9","hash":"6021532306966e97bd1a150f528e311f13980382"}
,"/Users/yyl/Documents/study/test-jest/babel.config.js": {"path":"/Users/yyl/Documents/study/test-jest/babel.config.js","statementMap":{"0":{"start":{"line":1,"column":0},"end":{"line":3,"column":2}}},"fnMap":{},"branchMap":{},"s":{"0":0},"f":{},"b":{}}
,"/Users/yyl/Documents/study/test-jest/fetchData.js": {"path":"/Users/yyl/Documents/study/test-jest/fetchData.js","statementMap":{"0":{"start":{"line":2,"column":0},"end":{"line":17,"column":1}},"1":{"start":{"line":4,"column":4},"end":{"line":8,"column":6}},"2":{"start":{"line":5,"column":6},"end":{"line":7,"column":13}},"3":{"start":{"line":6,"column":8},"end":{"line":6,"column":35}},"4":{"start":{"line":11,"column":4},"end":{"line":15,"column":6}},"5":{"start":{"line":12,"column":6},"end":{"line":14,"column":13}},"6":{"start":{"line":13,"column":8},"end":{"line":13,"column":24}}},"fnMap":{"0":{"name":"(anonymous_0)","decl":{"start":{"line":3,"column":2},"end":{"line":3,"column":3}},"loc":{"start":{"line":3,"column":21},"end":{"line":9,"column":3}},"line":3},"1":{"name":"(anonymous_1)","decl":{"start":{"line":4,"column":23},"end":{"line":4,"column":24}},"loc":{"start":{"line":4,"column":49},"end":{"line":8,"column":5}},"line":4},"2":{"name":"(anonymous_2)","decl":{"start":{"line":5,"column":17},"end":{"line":5,"column":18}},"loc":{"start":{"line":5,"column":21},"end":{"line":7,"column":7}},"line":5},"3":{"name":"(anonymous_3)","decl":{"start":{"line":10,"column":2},"end":{"line":10,"column":3}},"loc":{"start":{"line":10,"column":18},"end":{"line":16,"column":3}},"line":10},"4":{"name":"(anonymous_4)","decl":{"start":{"line":11,"column":23},"end":{"line":11,"column":24}},"loc":{"start":{"line":11,"column":49},"end":{"line":15,"column":5}},"line":11},"5":{"name":"(anonymous_5)","decl":{"start":{"line":12,"column":17},"end":{"line":12,"column":18}},"loc":{"start":{"line":12,"column":21},"end":{"line":14,"column":7}},"line":12}},"branchMap":{},"s":{"0":2,"1":1,"2":1,"3":1,"4":0,"5":0,"6":0},"f":{"0":1,"1":1,"2":1,"3":0,"4":0,"5":0},"b":{},"_coverageSchema":"1a1c01bbd47fc00a2c39e90264f33305004495a9","hash":"1b2f6a5c9db4a6fb1fd768be381c02cf5f9782f8"}
,"/Users/yyl/Documents/study/test-jest/jest.config.js": {"path":"/Users/yyl/Documents/study/test-jest/jest.config.js","statementMap":{"0":{"start":{"line":2,"column":0},"end":{"line":16,"column":1}}},"fnMap":{},"branchMap":{},"s":{"0":0},"f":{},"b":{}}
,"/Users/yyl/Documents/study/test-jest/sum.js": {"path":"/Users/yyl/Documents/study/test-jest/sum.js","statementMap":{"0":{"start":{"line":2,"column":2},"end":{"line":2,"column":15}},"1":{"start":{"line":4,"column":0},"end":{"line":4,"column":21}}},"fnMap":{"0":{"name":"sum","decl":{"start":{"line":1,"column":9},"end":{"line":1,"column":12}},"loc":{"start":{"line":1,"column":19},"end":{"line":3,"column":1}},"line":1}},"branchMap":{},"s":{"0":1,"1":2},"f":{"0":1},"b":{},"_coverageSchema":"1a1c01bbd47fc00a2c39e90264f33305004495a9","hash":"52f908b00937a4a93da0ab219617c858c37276b3"}
,"/Users/yyl/Documents/study/test-jest/users.js": {"path":"/Users/yyl/Documents/study/test-jest/users.js","statementMap":{"0":{"start":{"line":5,"column":4},"end":{"line":5,"column":60}},"1":{"start":{"line":5,"column":49},"end":{"line":5,"column":58}}},"fnMap":{"0":{"name":"(anonymous_0)","decl":{"start":{"line":4,"column":2},"end":{"line":4,"column":3}},"loc":{"start":{"line":4,"column":15},"end":{"line":6,"column":3}},"line":4},"1":{"name":"(anonymous_1)","decl":{"start":{"line":5,"column":41},"end":{"line":5,"column":42}},"loc":{"start":{"line":5,"column":49},"end":{"line":5,"column":58}},"line":5}},"branchMap":{},"s":{"0":1,"1":1},"f":{"0":1,"1":1},"b":{},"_coverageSchema":"1a1c01bbd47fc00a2c39e90264f33305004495a9","hash":"8cfb7b7c3292ffee14b0270046ca64c64e6cc9cb"}
,"/Users/yyl/Documents/study/test-jest/utils/diff.js": {"path":"/Users/yyl/Documents/study/test-jest/utils/diff.js","statementMap":{"0":{"start":{"line":1,"column":15},"end":{"line":1,"column":35}},"1":{"start":{"line":3,"column":10},"end":{"line":3,"column":26}},"2":{"start":{"line":4,"column":10},"end":{"line":4,"column":26}},"3":{"start":{"line":6,"column":15},"end":{"line":6,"column":25}},"4":{"start":{"line":9,"column":0},"end":{"line":9,"column":20}}},"fnMap":{},"branchMap":{},"s":{"0":0,"1":0,"2":0,"3":0,"4":0},"f":{},"b":{}}
,"/Users/yyl/Documents/study/test-jest/utils/docblock.js": {"path":"/Users/yyl/Documents/study/test-jest/utils/docblock.js","statementMap":{"0":{"start":{"line":1,"column":28},"end":{"line":1,"column":52}},"1":{"start":{"line":3,"column":13},"end":{"line":11,"column":1}},"2":{"start":{"line":13,"column":15},"end":{"line":13,"column":38}},"3":{"start":{"line":16,"column":0},"end":{"line":16,"column":20}},"4":{"start":{"line":17,"column":0},"end":{"line":17,"column":20}}},"fnMap":{},"branchMap":{},"s":{"0":0,"1":0,"2":0,"3":0,"4":0},"f":{},"b":{}}
}
